<?xml version="1.0" encoding="UTF-8"?>
<testsuite name="org.learning.dynamicconnectivity.UFmySolutionTest" tests="6" skipped="0" failures="0" errors="0" timestamp="2021-05-27T13:21:58" hostname="galaxy" time="0.03">
  <properties/>
  <testcase name="givenTwoUnionsWhichAreTransitive_whenTestForNotDirectlyUnionNumbers_thenReturnTrue()" classname="org.learning.dynamicconnectivity.UFmySolutionTest" time="0.022"/>
  <testcase name="test()" classname="org.learning.dynamicconnectivity.UFmySolutionTest" time="0.001"/>
  <testcase name="givenTwoUnionsWhichAreNotTransitive_whenTestForConnectedThem_thenReturnTrue()" classname="org.learning.dynamicconnectivity.UFmySolutionTest" time="0.001"/>
  <testcase name="givenComponentsAndUnionToConnectThem_whenTestForConnectivity_thenReturnCopyTheSecondComponentIntoOneAndReturnTrue()" classname="org.learning.dynamicconnectivity.UFmySolutionTest" time="0.001"/>
  <testcase name="testOnlyTwoNumbersUnionAndTheyAreConnected()" classname="org.learning.dynamicconnectivity.UFmySolutionTest" time="0.0"/>
  <testcase name="testOnlyTwoNumbersUnionAreConnectedButReflexive()" classname="org.learning.dynamicconnectivity.UFmySolutionTest" time="0.001"/>
  <system-out><![CDATA[]]></system-out>
  <system-err><![CDATA[]]></system-err>
</testsuite>
